<?xml version="1.0" encoding="UTF-8"?>
<testsuites name="jest tests" tests="19" failures="0" errors="0" time="7.932">
  <testsuite name="EvaluationService" errors="0" failures="0" skipped="0" timestamp="2025-11-26T07:07:54" time="7.46" tests="19">
    <testcase classname="EvaluationService › checkStaffShortage" name="人員が充足している場合、違反を検出しない" time="0.009">
    </testcase>
    <testcase classname="EvaluationService › checkStaffShortage" name="人員不足を検出する" time="0.001">
    </testcase>
    <testcase classname="EvaluationService › checkStaffShortage" name="休日は人員カウントに含めない" time="0">
    </testcase>
    <testcase classname="EvaluationService › checkConsecutiveWorkViolation" name="連勤が上限以内の場合、違反を検出しない" time="0.001">
    </testcase>
    <testcase classname="EvaluationService › checkConsecutiveWorkViolation" name="連勤超過を検出する（境界値テスト）" time="0.002">
    </testcase>
    <testcase classname="EvaluationService › checkConsecutiveWorkViolation" name="「明け休み」は勤務日としてカウントしない" time="0">
    </testcase>
    <testcase classname="EvaluationService › checkNightRestViolation" name="夜勤後に休息がある場合、違反を検出しない" time="0">
    </testcase>
    <testcase classname="EvaluationService › checkNightRestViolation" name="夜勤後に休息がない場合、違反を検出する" time="0.001">
    </testcase>
    <testcase classname="EvaluationService › checkNightRestViolation" name="夜勤後に「公休」がある場合、違反を検出しない" time="0">
    </testcase>
    <testcase classname="EvaluationService › checkLeaveRequestIgnored" name="休暇希望が反映されている場合、違反を検出しない" time="0.001">
    </testcase>
    <testcase classname="EvaluationService › checkLeaveRequestIgnored" name="休暇希望が反映されていない場合、違反を検出する" time="0.001">
    </testcase>
    <testcase classname="EvaluationService › calculateOverallScore" name="違反がない場合、100点を返す" time="0">
    </testcase>
    <testcase classname="EvaluationService › calculateOverallScore" name="errorは-10点、warningは-5点" time="0">
    </testcase>
    <testcase classname="EvaluationService › calculateOverallScore" name="スコアは0を下回らない" time="0.001">
    </testcase>
    <testcase classname="EvaluationService › calculateFulfillmentRate" name="全て充足している場合、高い充足率を返す" time="0.001">
    </testcase>
    <testcase classname="EvaluationService › calculateFulfillmentRate" name="一部不足がある場合、充足率を計算する" time="0.001">
    </testcase>
    <testcase classname="EvaluationService › evaluateSchedule" name="正常なスケジュールを評価できる" time="0.001">
    </testcase>
    <testcase classname="EvaluationService › evaluateSchedule" name="複数の違反を含むスケジュールを評価できる" time="0">
    </testcase>
    <testcase classname="EvaluationService › DEFAULT_EVALUATION" name="フォールバック用のデフォルト評価が正しい形式" time="0.003">
    </testcase>
  </testsuite>
</testsuites>